<?xml version="1.0"?>
<testResults>
  <FitNesseVersion>v20240707</FitNesseVersion>
  <rootPath>LoginTest</rootPath>
  <result>
    <counts>
      <right>0</right>
      <wrong>0</wrong>
      <ignores>0</ignores>
      <exceptions>4</exceptions>
    </counts>
    <date>2024-10-06T21:40:23-05:00</date>
    <runTimeInMillis>3961</runTimeInMillis>
    <content>&lt;br/&gt;&lt;div class="contents"&gt;
	&lt;b&gt;Contents:&lt;/b&gt;
	&lt;ul class="toc1"/&gt;&lt;ul class="toc1"/&gt;
&lt;/div&gt;
&lt;br/&gt;&lt;br/&gt;&lt;span class="meta"&gt;variable defined: TEST_SYSTEM=slim&lt;/span&gt;
&lt;br/&gt;&lt;br/&gt;&lt;span class="meta"&gt;classpath: C:\Users\Jochi\source\FitNesseTutorial\target\classes&lt;/span&gt;&lt;br/&gt;&lt;span class="meta"&gt;classpath: C:\Users\Jochi\.m2\repository\org\seleniumhq\selenium\selenium-api\4.25.0\selenium-api-4.25.0.jar&lt;/span&gt;&lt;br/&gt;&lt;span class="meta"&gt;classpath: C:\Users\Jochi\.m2\repository\org\seleniumhq\selenium\selenium-chromium-driver\4.25.0\selenium-chromium-driver-4.25.0.jar&lt;/span&gt;&lt;br/&gt;&lt;span class="meta"&gt;classpath: C:\Users\Jochi\.m2\repository\org\seleniumhq\selenium\selenium-java\4.25.0\selenium-java-4.25.0.jar&lt;/span&gt;&lt;br/&gt;&lt;span class="meta"&gt;classpath: C:\Users\Jochi\.m2\repository\org\seleniumhq\selenium\selenium-chrome-driver\4.25.0\selenium-chrome-driver-4.25.0.jar&lt;/span&gt;&lt;br/&gt;&lt;span class="meta"&gt;classpath: C:\Users\Jochi\.m2\repository\org\seleniumhq\selenium\selenium-http\4.25.0\selenium-http-4.25.0.jar&lt;/span&gt;&lt;br/&gt;&lt;span class="meta"&gt;classpath: C:\Users\Jochi\.m2\repository\org\seleniumhq\selenium\**.jar&lt;/span&gt;&lt;br/&gt;&lt;span class="meta"&gt;classpath: C:\Users\Jochi\.m2\repository\dev\failsafe\failsafe\3.3.2\failsafe-3.3.2.jar&lt;/span&gt;&lt;br/&gt;&lt;br/&gt;&lt;table&gt;
	&lt;tr class="slimRowTitle"&gt;
		&lt;td&gt;Import&lt;/td&gt;
	&lt;/tr&gt;
	&lt;tr class="slimRowColor0"&gt;
		&lt;td&gt;&lt;span class="pass"&gt;FitnesseTutorial.Fitnesse&lt;/span&gt;&lt;/td&gt;
	&lt;/tr&gt;
&lt;/table&gt;
&lt;br/&gt;&lt;table&gt;
	&lt;tr class="slimRowTitle"&gt;
		&lt;td colspan="4"&gt;&lt;span class="pass"&gt;LoginFixture&lt;/span&gt;&lt;/td&gt;
	&lt;/tr&gt;
	&lt;tr class="slimRowTitle"&gt;
		&lt;td&gt;email&lt;/td&gt;
		&lt;td&gt;password&lt;/td&gt;
		&lt;td&gt;rememberMe&lt;/td&gt;
		&lt;td&gt;signIn?&lt;/td&gt;
	&lt;/tr&gt;
	&lt;tr class="slimRowColor1"&gt;
		&lt;td&gt;&lt;table&gt;&lt;tr class="exception closed"&gt;&lt;td&gt; &lt;span class="error"&gt;delimajm@gmail.com&lt;/span&gt;&lt;/td&gt;&lt;/tr&gt;&lt;tr class="exception-detail closed-detail"&gt;&lt;td&gt;__EXCEPTION__:org.openqa.selenium.NoSuchElementException: no such element: Unable to locate element: {"method":"css selector","selector":"#input28"}
  (Session info: chrome=129.0.6668.90)
For documentation on this error, please visit: https://www.selenium.dev/documentation/webdriver/troubleshooting/errors#no-such-element-exception
Build info: version: '4.25.0', revision: '8a8aea2337'
System info: os.name: 'Windows 11', os.arch: 'amd64', os.version: '10.0', java.version: '11.0.22'
Driver info: org.openqa.selenium.chrome.ChromeDriver
Command: [edae06ace6b0cda3fed899dcad298fd4, findElement {value=input28, using=id}]
Capabilities {acceptInsecureCerts: false, browserName: chrome, browserVersion: 129.0.6668.90, chrome: {chromedriverVersion: 129.0.6668.89 (951c0b97221f..., userDataDir: C:\Users\Jochi\AppData\Loca...}, fedcm:accounts: true, goog:chromeOptions: {debuggerAddress: localhost:54667}, networkConnectionEnabled: false, pageLoadStrategy: normal, platformName: windows, proxy: Proxy(), se:cdp: ws://localhost:54667/devtoo..., se:cdpVersion: 129.0.6668.90, setWindowRect: true, strictFileInteractability: false, timeouts: {implicit: 0, pageLoad: 300000, script: 30000}, unhandledPromptBehavior: dismiss and notify, webauthn:extension:credBlob: true, webauthn:extension:largeBlob: true, webauthn:extension:minPinLength: true, webauthn:extension:prf: true, webauthn:virtualAuthenticators: true}
Session ID: edae06ace6b0cda3fed899dcad298fd4
	at java.base/jdk.internal.reflect.NativeConstructorAccessorImpl.newInstance0(Native Method) [n/a]
	at java.base/jdk.internal.reflect.NativeConstructorAccessorImpl.newInstance(NativeConstructorAccessorImpl.java:62) [n/a]
	at java.base/jdk.internal.reflect.DelegatingConstructorAccessorImpl.newInstance(DelegatingConstructorAccessorImpl.java:45) [n/a]
	at java.base/java.lang.reflect.Constructor.newInstance(Constructor.java:490) [rt.jar]
	at org.openqa.selenium.remote.ErrorCodec.decode(ErrorCodec.java:167) [selenium-remote-driver-4.25.0.jar]
	at org.openqa.selenium.remote.codec.w3c.W3CHttpResponseCodec.decode(W3CHttpResponseCodec.java:138) [selenium-remote-driver-4.25.0.jar]
	at org.openqa.selenium.remote.codec.w3c.W3CHttpResponseCodec.decode(W3CHttpResponseCodec.java:50) [selenium-remote-driver-4.25.0.jar]
	at org.openqa.selenium.remote.HttpCommandExecutor.execute(HttpCommandExecutor.java:190) [selenium-remote-driver-4.25.0.jar]
	at org.openqa.selenium.remote.service.DriverCommandExecutor.invokeExecute(DriverCommandExecutor.java:216) [selenium-remote-driver-4.25.0.jar]
	at org.openqa.selenium.remote.service.DriverCommandExecutor.execute(DriverCommandExecutor.java:174) [selenium-remote-driver-4.25.0.jar]
	at org.openqa.selenium.remote.RemoteWebDriver.execute(RemoteWebDriver.java:545) [selenium-remote-driver-4.25.0.jar]
	at org.openqa.selenium.remote.ElementLocation$ElementFinder$2.findElement(ElementLocation.java:165) [selenium-remote-driver-4.25.0.jar]
	at org.openqa.selenium.remote.ElementLocation.findElement(ElementLocation.java:66) [selenium-remote-driver-4.25.0.jar]
	at org.openqa.selenium.remote.RemoteWebDriver.findElement(RemoteWebDriver.java:368) [selenium-remote-driver-4.25.0.jar]
	at org.openqa.selenium.remote.RemoteWebDriver.findElement(RemoteWebDriver.java:362) [selenium-remote-driver-4.25.0.jar]
	at FitnesseTutorial.Fitnesse.LoginFixture.setEmail(LoginFixture.java:14) [file:/C:/Users/Jochi/source/FitNesseTutorial/target/classes/]
	at java.base/jdk.internal.reflect.NativeMethodAccessorImpl.invoke0(Native Method) [n/a]
	at java.base/jdk.internal.reflect.NativeMethodAccessorImpl.invoke(NativeMethodAccessorImpl.java:62) [n/a]
	at java.base/jdk.internal.reflect.DelegatingMethodAccessorImpl.invoke(DelegatingMethodAccessorImpl.java:43) [n/a]
	at java.base/java.lang.reflect.Method.invoke(Method.java:566) [rt.jar]
	at fitnesse.slim.fixtureInteraction.SimpleInteraction.methodInvoke(SimpleInteraction.java:322) [fitnesse-20240707.jar:20240707]
	at fitnesse.slim.fixtureInteraction.SimpleInteraction.callMethod(SimpleInteraction.java:307) [fitnesse-20240707.jar:20240707]
	at fitnesse.slim.fixtureInteraction.SimpleInteraction.invokeMethod(SimpleInteraction.java:290) [fitnesse-20240707.jar:20240707]
	at fitnesse.slim.fixtureInteraction.SimpleInteraction.findAndInvoke(SimpleInteraction.java:217) [fitnesse-20240707.jar:20240707]
	at fitnesse.slim.MethodExecutor.findAndInvoke(MethodExecutor.java:18) [fitnesse-20240707.jar:20240707]
	at fitnesse.slim.FixtureMethodExecutor.execute(FixtureMethodExecutor.java:18) [fitnesse-20240707.jar:20240707]
	at fitnesse.slim.StatementExecutor.getMethodExecutionResult(StatementExecutor.java:139) [fitnesse-20240707.jar:20240707]
	at fitnesse.slim.StatementExecutor.call(StatementExecutor.java:112) [fitnesse-20240707.jar:20240707]
	at fitnesse.slim.instructions.CallAndOptionalAssignInstruction.executeInternal(CallAndOptionalAssignInstruction.java:30) [fitnesse-20240707.jar:20240707]
	at fitnesse.slim.instructions.Instruction.execute(Instruction.java:29) [fitnesse-20240707.jar:20240707]
	at fitnesse.slim.ListExecutor$Executive.executeStatement(ListExecutor.java:49) [fitnesse-20240707.jar:20240707]
	at fitnesse.slim.ListExecutor$Executive.executeStatements(ListExecutor.java:43) [fitnesse-20240707.jar:20240707]
	at fitnesse.slim.ListExecutor.execute(ListExecutor.java:85) [fitnesse-20240707.jar:20240707]
	at fitnesse.slim.SlimServer.executeInstructions(SlimServer.java:84) [fitnesse-20240707.jar:20240707]
	at fitnesse.slim.SlimServer.processOneSetOfInstructions(SlimServer.java:77) [fitnesse-20240707.jar:20240707]
	at fitnesse.slim.SlimServer.tryProcessInstructions(SlimServer.java:64) [fitnesse-20240707.jar:20240707]
	at fitnesse.slim.SlimServer.serve(SlimServer.java:49) [fitnesse-20240707.jar:20240707]
	at fitnesse.slim.SlimService.handle(SlimService.java:169) [fitnesse-20240707.jar:20240707]
	at fitnesse.slim.SlimService.acceptOne(SlimService.java:177) [fitnesse-20240707.jar:20240707]
	at fitnesse.slim.SlimService.accept(SlimService.java:139) [fitnesse-20240707.jar:20240707]
	at fitnesse.slim.SlimService.startWithFactory(SlimService.java:92) [fitnesse-20240707.jar:20240707]
	at fitnesse.slim.SlimService.main(SlimService.java:57) [fitnesse-20240707.jar:20240707]&lt;/td&lt;/tr&gt;&lt;/table&gt;&lt;/td&gt;
		&lt;td&gt;&lt;table&gt;&lt;tr class="exception closed"&gt;&lt;td&gt; &lt;span class="error"&gt;GreenLantern22!&lt;/span&gt;&lt;/td&gt;&lt;/tr&gt;&lt;tr class="exception-detail closed-detail"&gt;&lt;td&gt;__EXCEPTION__:org.openqa.selenium.NoSuchElementException: no such element: Unable to locate element: {"method":"css selector","selector":"#input36"}
  (Session info: chrome=129.0.6668.90)
For documentation on this error, please visit: https://www.selenium.dev/documentation/webdriver/troubleshooting/errors#no-such-element-exception
Build info: version: '4.25.0', revision: '8a8aea2337'
System info: os.name: 'Windows 11', os.arch: 'amd64', os.version: '10.0', java.version: '11.0.22'
Driver info: org.openqa.selenium.chrome.ChromeDriver
Command: [edae06ace6b0cda3fed899dcad298fd4, findElement {value=input36, using=id}]
Capabilities {acceptInsecureCerts: false, browserName: chrome, browserVersion: 129.0.6668.90, chrome: {chromedriverVersion: 129.0.6668.89 (951c0b97221f..., userDataDir: C:\Users\Jochi\AppData\Loca...}, fedcm:accounts: true, goog:chromeOptions: {debuggerAddress: localhost:54667}, networkConnectionEnabled: false, pageLoadStrategy: normal, platformName: windows, proxy: Proxy(), se:cdp: ws://localhost:54667/devtoo..., se:cdpVersion: 129.0.6668.90, setWindowRect: true, strictFileInteractability: false, timeouts: {implicit: 0, pageLoad: 300000, script: 30000}, unhandledPromptBehavior: dismiss and notify, webauthn:extension:credBlob: true, webauthn:extension:largeBlob: true, webauthn:extension:minPinLength: true, webauthn:extension:prf: true, webauthn:virtualAuthenticators: true}
Session ID: edae06ace6b0cda3fed899dcad298fd4
	at java.base/jdk.internal.reflect.NativeConstructorAccessorImpl.newInstance0(Native Method) [n/a]
	at java.base/jdk.internal.reflect.NativeConstructorAccessorImpl.newInstance(NativeConstructorAccessorImpl.java:62) [n/a]
	at java.base/jdk.internal.reflect.DelegatingConstructorAccessorImpl.newInstance(DelegatingConstructorAccessorImpl.java:45) [n/a]
	at java.base/java.lang.reflect.Constructor.newInstance(Constructor.java:490) [rt.jar]
	at org.openqa.selenium.remote.ErrorCodec.decode(ErrorCodec.java:167) [selenium-remote-driver-4.25.0.jar]
	at org.openqa.selenium.remote.codec.w3c.W3CHttpResponseCodec.decode(W3CHttpResponseCodec.java:138) [selenium-remote-driver-4.25.0.jar]
	at org.openqa.selenium.remote.codec.w3c.W3CHttpResponseCodec.decode(W3CHttpResponseCodec.java:50) [selenium-remote-driver-4.25.0.jar]
	at org.openqa.selenium.remote.HttpCommandExecutor.execute(HttpCommandExecutor.java:190) [selenium-remote-driver-4.25.0.jar]
	at org.openqa.selenium.remote.service.DriverCommandExecutor.invokeExecute(DriverCommandExecutor.java:216) [selenium-remote-driver-4.25.0.jar]
	at org.openqa.selenium.remote.service.DriverCommandExecutor.execute(DriverCommandExecutor.java:174) [selenium-remote-driver-4.25.0.jar]
	at org.openqa.selenium.remote.RemoteWebDriver.execute(RemoteWebDriver.java:545) [selenium-remote-driver-4.25.0.jar]
	at org.openqa.selenium.remote.ElementLocation$ElementFinder$2.findElement(ElementLocation.java:165) [selenium-remote-driver-4.25.0.jar]
	at org.openqa.selenium.remote.ElementLocation.findElement(ElementLocation.java:59) [selenium-remote-driver-4.25.0.jar]
	at org.openqa.selenium.remote.RemoteWebDriver.findElement(RemoteWebDriver.java:368) [selenium-remote-driver-4.25.0.jar]
	at org.openqa.selenium.remote.RemoteWebDriver.findElement(RemoteWebDriver.java:362) [selenium-remote-driver-4.25.0.jar]
	at FitnesseTutorial.Fitnesse.LoginFixture.setPassword(LoginFixture.java:19) [file:/C:/Users/Jochi/source/FitNesseTutorial/target/classes/]
	at java.base/jdk.internal.reflect.NativeMethodAccessorImpl.invoke0(Native Method) [n/a]
	at java.base/jdk.internal.reflect.NativeMethodAccessorImpl.invoke(NativeMethodAccessorImpl.java:62) [n/a]
	at java.base/jdk.internal.reflect.DelegatingMethodAccessorImpl.invoke(DelegatingMethodAccessorImpl.java:43) [n/a]
	at java.base/java.lang.reflect.Method.invoke(Method.java:566) [rt.jar]
	at fitnesse.slim.fixtureInteraction.SimpleInteraction.methodInvoke(SimpleInteraction.java:322) [fitnesse-20240707.jar:20240707]
	at fitnesse.slim.fixtureInteraction.SimpleInteraction.callMethod(SimpleInteraction.java:307) [fitnesse-20240707.jar:20240707]
	at fitnesse.slim.fixtureInteraction.SimpleInteraction.invokeMethod(SimpleInteraction.java:290) [fitnesse-20240707.jar:20240707]
	at fitnesse.slim.fixtureInteraction.SimpleInteraction.findAndInvoke(SimpleInteraction.java:217) [fitnesse-20240707.jar:20240707]
	at fitnesse.slim.MethodExecutor.findAndInvoke(MethodExecutor.java:18) [fitnesse-20240707.jar:20240707]
	at fitnesse.slim.FixtureMethodExecutor.execute(FixtureMethodExecutor.java:18) [fitnesse-20240707.jar:20240707]
	at fitnesse.slim.StatementExecutor.getMethodExecutionResult(StatementExecutor.java:139) [fitnesse-20240707.jar:20240707]
	at fitnesse.slim.StatementExecutor.call(StatementExecutor.java:112) [fitnesse-20240707.jar:20240707]
	at fitnesse.slim.instructions.CallAndOptionalAssignInstruction.executeInternal(CallAndOptionalAssignInstruction.java:30) [fitnesse-20240707.jar:20240707]
	at fitnesse.slim.instructions.Instruction.execute(Instruction.java:29) [fitnesse-20240707.jar:20240707]
	at fitnesse.slim.ListExecutor$Executive.executeStatement(ListExecutor.java:49) [fitnesse-20240707.jar:20240707]
	at fitnesse.slim.ListExecutor$Executive.executeStatements(ListExecutor.java:43) [fitnesse-20240707.jar:20240707]
	at fitnesse.slim.ListExecutor.execute(ListExecutor.java:85) [fitnesse-20240707.jar:20240707]
	at fitnesse.slim.SlimServer.executeInstructions(SlimServer.java:84) [fitnesse-20240707.jar:20240707]
	at fitnesse.slim.SlimServer.processOneSetOfInstructions(SlimServer.java:77) [fitnesse-20240707.jar:20240707]
	at fitnesse.slim.SlimServer.tryProcessInstructions(SlimServer.java:64) [fitnesse-20240707.jar:20240707]
	at fitnesse.slim.SlimServer.serve(SlimServer.java:49) [fitnesse-20240707.jar:20240707]
	at fitnesse.slim.SlimService.handle(SlimService.java:169) [fitnesse-20240707.jar:20240707]
	at fitnesse.slim.SlimService.acceptOne(SlimService.java:177) [fitnesse-20240707.jar:20240707]
	at fitnesse.slim.SlimService.accept(SlimService.java:139) [fitnesse-20240707.jar:20240707]
	at fitnesse.slim.SlimService.startWithFactory(SlimService.java:92) [fitnesse-20240707.jar:20240707]
	at fitnesse.slim.SlimService.main(SlimService.java:57) [fitnesse-20240707.jar:20240707]&lt;/td&lt;/tr&gt;&lt;/table&gt;&lt;/td&gt;
		&lt;td&gt;&lt;table&gt;&lt;tr class="exception closed"&gt;&lt;td&gt; &lt;span class="error"&gt;TRUE&lt;/span&gt;&lt;/td&gt;&lt;/tr&gt;&lt;tr class="exception-detail closed-detail"&gt;&lt;td&gt;__EXCEPTION__:org.openqa.selenium.NoSuchElementException: no such element: Unable to locate element: {"method":"css selector","selector":"#input44"}
  (Session info: chrome=129.0.6668.90)
For documentation on this error, please visit: https://www.selenium.dev/documentation/webdriver/troubleshooting/errors#no-such-element-exception
Build info: version: '4.25.0', revision: '8a8aea2337'
System info: os.name: 'Windows 11', os.arch: 'amd64', os.version: '10.0', java.version: '11.0.22'
Driver info: org.openqa.selenium.chrome.ChromeDriver
Command: [edae06ace6b0cda3fed899dcad298fd4, findElement {value=input44, using=id}]
Capabilities {acceptInsecureCerts: false, browserName: chrome, browserVersion: 129.0.6668.90, chrome: {chromedriverVersion: 129.0.6668.89 (951c0b97221f..., userDataDir: C:\Users\Jochi\AppData\Loca...}, fedcm:accounts: true, goog:chromeOptions: {debuggerAddress: localhost:54667}, networkConnectionEnabled: false, pageLoadStrategy: normal, platformName: windows, proxy: Proxy(), se:cdp: ws://localhost:54667/devtoo..., se:cdpVersion: 129.0.6668.90, setWindowRect: true, strictFileInteractability: false, timeouts: {implicit: 0, pageLoad: 300000, script: 30000}, unhandledPromptBehavior: dismiss and notify, webauthn:extension:credBlob: true, webauthn:extension:largeBlob: true, webauthn:extension:minPinLength: true, webauthn:extension:prf: true, webauthn:virtualAuthenticators: true}
Session ID: edae06ace6b0cda3fed899dcad298fd4
	at java.base/jdk.internal.reflect.NativeConstructorAccessorImpl.newInstance0(Native Method) [n/a]
	at java.base/jdk.internal.reflect.NativeConstructorAccessorImpl.newInstance(NativeConstructorAccessorImpl.java:62) [n/a]
	at java.base/jdk.internal.reflect.DelegatingConstructorAccessorImpl.newInstance(DelegatingConstructorAccessorImpl.java:45) [n/a]
	at java.base/java.lang.reflect.Constructor.newInstance(Constructor.java:490) [rt.jar]
	at org.openqa.selenium.remote.ErrorCodec.decode(ErrorCodec.java:167) [selenium-remote-driver-4.25.0.jar]
	at org.openqa.selenium.remote.codec.w3c.W3CHttpResponseCodec.decode(W3CHttpResponseCodec.java:138) [selenium-remote-driver-4.25.0.jar]
	at org.openqa.selenium.remote.codec.w3c.W3CHttpResponseCodec.decode(W3CHttpResponseCodec.java:50) [selenium-remote-driver-4.25.0.jar]
	at org.openqa.selenium.remote.HttpCommandExecutor.execute(HttpCommandExecutor.java:190) [selenium-remote-driver-4.25.0.jar]
	at org.openqa.selenium.remote.service.DriverCommandExecutor.invokeExecute(DriverCommandExecutor.java:216) [selenium-remote-driver-4.25.0.jar]
	at org.openqa.selenium.remote.service.DriverCommandExecutor.execute(DriverCommandExecutor.java:174) [selenium-remote-driver-4.25.0.jar]
	at org.openqa.selenium.remote.RemoteWebDriver.execute(RemoteWebDriver.java:545) [selenium-remote-driver-4.25.0.jar]
	at org.openqa.selenium.remote.ElementLocation$ElementFinder$2.findElement(ElementLocation.java:165) [selenium-remote-driver-4.25.0.jar]
	at org.openqa.selenium.remote.ElementLocation.findElement(ElementLocation.java:59) [selenium-remote-driver-4.25.0.jar]
	at org.openqa.selenium.remote.RemoteWebDriver.findElement(RemoteWebDriver.java:368) [selenium-remote-driver-4.25.0.jar]
	at org.openqa.selenium.remote.RemoteWebDriver.findElement(RemoteWebDriver.java:362) [selenium-remote-driver-4.25.0.jar]
	at FitnesseTutorial.Fitnesse.LoginFixture.setRememberMe(LoginFixture.java:24) [file:/C:/Users/Jochi/source/FitNesseTutorial/target/classes/]
	at java.base/jdk.internal.reflect.NativeMethodAccessorImpl.invoke0(Native Method) [n/a]
	at java.base/jdk.internal.reflect.NativeMethodAccessorImpl.invoke(NativeMethodAccessorImpl.java:62) [n/a]
	at java.base/jdk.internal.reflect.DelegatingMethodAccessorImpl.invoke(DelegatingMethodAccessorImpl.java:43) [n/a]
	at java.base/java.lang.reflect.Method.invoke(Method.java:566) [rt.jar]
	at fitnesse.slim.fixtureInteraction.SimpleInteraction.methodInvoke(SimpleInteraction.java:322) [fitnesse-20240707.jar:20240707]
	at fitnesse.slim.fixtureInteraction.SimpleInteraction.callMethod(SimpleInteraction.java:307) [fitnesse-20240707.jar:20240707]
	at fitnesse.slim.fixtureInteraction.SimpleInteraction.invokeMethod(SimpleInteraction.java:290) [fitnesse-20240707.jar:20240707]
	at fitnesse.slim.fixtureInteraction.SimpleInteraction.findAndInvoke(SimpleInteraction.java:217) [fitnesse-20240707.jar:20240707]
	at fitnesse.slim.MethodExecutor.findAndInvoke(MethodExecutor.java:18) [fitnesse-20240707.jar:20240707]
	at fitnesse.slim.FixtureMethodExecutor.execute(FixtureMethodExecutor.java:18) [fitnesse-20240707.jar:20240707]
	at fitnesse.slim.StatementExecutor.getMethodExecutionResult(StatementExecutor.java:139) [fitnesse-20240707.jar:20240707]
	at fitnesse.slim.StatementExecutor.call(StatementExecutor.java:112) [fitnesse-20240707.jar:20240707]
	at fitnesse.slim.instructions.CallAndOptionalAssignInstruction.executeInternal(CallAndOptionalAssignInstruction.java:30) [fitnesse-20240707.jar:20240707]
	at fitnesse.slim.instructions.Instruction.execute(Instruction.java:29) [fitnesse-20240707.jar:20240707]
	at fitnesse.slim.ListExecutor$Executive.executeStatement(ListExecutor.java:49) [fitnesse-20240707.jar:20240707]
	at fitnesse.slim.ListExecutor$Executive.executeStatements(ListExecutor.java:43) [fitnesse-20240707.jar:20240707]
	at fitnesse.slim.ListExecutor.execute(ListExecutor.java:85) [fitnesse-20240707.jar:20240707]
	at fitnesse.slim.SlimServer.executeInstructions(SlimServer.java:84) [fitnesse-20240707.jar:20240707]
	at fitnesse.slim.SlimServer.processOneSetOfInstructions(SlimServer.java:77) [fitnesse-20240707.jar:20240707]
	at fitnesse.slim.SlimServer.tryProcessInstructions(SlimServer.java:64) [fitnesse-20240707.jar:20240707]
	at fitnesse.slim.SlimServer.serve(SlimServer.java:49) [fitnesse-20240707.jar:20240707]
	at fitnesse.slim.SlimService.handle(SlimService.java:169) [fitnesse-20240707.jar:20240707]
	at fitnesse.slim.SlimService.acceptOne(SlimService.java:177) [fitnesse-20240707.jar:20240707]
	at fitnesse.slim.SlimService.accept(SlimService.java:139) [fitnesse-20240707.jar:20240707]
	at fitnesse.slim.SlimService.startWithFactory(SlimService.java:92) [fitnesse-20240707.jar:20240707]
	at fitnesse.slim.SlimService.main(SlimService.java:57) [fitnesse-20240707.jar:20240707]&lt;/td&lt;/tr&gt;&lt;/table&gt;&lt;/td&gt;
		&lt;td&gt; &lt;span class="error"&gt;No Method signIn[0] in class FitnesseTutorial.Fitnesse.LoginFixture.
 Available methods:
equals(java.lang.Object) -&amp;gt; boolean
getClass() -&amp;gt; class java.lang.Class
getSignedIn() -&amp;gt; void
hashCode() -&amp;gt; int
notify() -&amp;gt; void
notifyAll() -&amp;gt; void
setEmail(java.lang.String) -&amp;gt; void
setPassword(java.lang.String) -&amp;gt; void
setRememberMe() -&amp;gt; void
setRememberMe(java.lang.Boolean) -&amp;gt; void
toString() -&amp;gt; class java.lang.String
wait() -&amp;gt; void
wait(long) -&amp;gt; void
wait(long, int) -&amp;gt; void&lt;/span&gt;&lt;/td&gt;
	&lt;/tr&gt;
&lt;/table&gt;
</content>
    <relativePageName>LoginTest</relativePageName>
    <instructions>
      <instructionResult>
        <instruction>{id='import_0_0', instruction='import', path='FitnesseTutorial.Fitnesse'}</instruction>
        <slimResult>pass(FitnesseTutorial.Fitnesse)</slimResult>
        <expectation>
          <status>pass</status>
          <instructionId>import_0_0</instructionId>
          <col>0</col>
          <row>1</row>
          <type>ImportExpectation</type>
          <evaluationMessage>FitnesseTutorial.Fitnesse</evaluationMessage>
        </expectation>
      </instructionResult>
      <instructionResult>
        <instruction>{id='decisionTable_1_0', instruction='make', instanceName='decisionTable_1', className='LoginFixture', args=[]}</instruction>
        <slimResult>pass(LoginFixture)</slimResult>
        <expectation>
          <status>pass</status>
          <instructionId>decisionTable_1_0</instructionId>
          <col>0</col>
          <row>0</row>
          <type>ConstructionExpectation</type>
          <evaluationMessage>LoginFixture</evaluationMessage>
        </expectation>
      </instructionResult>
      <instructionResult>
        <instruction>{id='decisionTable_1_4', instruction='call', instanceName='decisionTable_1', methodName='setEmail', args=[delimajm@gmail.com]}</instruction>
        <slimResult></slimResult>
        <expectation>
          <status>error</status>
          <instructionId>decisionTable_1_4</instructionId>
          <type>VoidReturnExpectation</type>
        </expectation>
      </instructionResult>
      <instructionResult>
        <instruction>{id='decisionTable_1_5', instruction='call', instanceName='decisionTable_1', methodName='setPassword', args=[GreenLantern22!]}</instruction>
        <slimResult></slimResult>
        <expectation>
          <status>error</status>
          <instructionId>decisionTable_1_5</instructionId>
          <type>VoidReturnExpectation</type>
        </expectation>
      </instructionResult>
      <instructionResult>
        <instruction>{id='decisionTable_1_6', instruction='call', instanceName='decisionTable_1', methodName='setRememberMe', args=[TRUE]}</instruction>
        <slimResult></slimResult>
        <expectation>
          <status>error</status>
          <instructionId>decisionTable_1_6</instructionId>
          <type>VoidReturnExpectation</type>
        </expectation>
      </instructionResult>
      <instructionResult>
        <instruction>{id='decisionTable_1_8', instruction='call', instanceName='decisionTable_1', methodName='signIn', args=[]}</instruction>
        <slimResult></slimResult>
        <expectation>
          <status>error</status>
          <instructionId>decisionTable_1_8</instructionId>
          <type>ReturnedValueExpectation</type>
          <evaluationMessage>No Method signIn[0] in class FitnesseTutorial.Fitnesse.LoginFixture.
 Available methods:
equals(java.lang.Object) -&gt; boolean
getClass() -&gt; class java.lang.Class
getSignedIn() -&gt; void
hashCode() -&gt; int
notify() -&gt; void
notifyAll() -&gt; void
setEmail(java.lang.String) -&gt; void
setPassword(java.lang.String) -&gt; void
setRememberMe() -&gt; void
setRememberMe(java.lang.Boolean) -&gt; void
toString() -&gt; class java.lang.String
wait() -&gt; void
wait(long) -&gt; void
wait(long, int) -&gt; void</evaluationMessage>
        </expectation>
      </instructionResult>
    </instructions>
  </result>
  <executionLog>
    <testSystem>slim:fitnesse.slim.SlimService</testSystem>
    <command>java -cp C:\Users\Jochi\source\FitNesseTutorial\target\classes;C:\Users\Jochi\.m2\repository\org\seleniumhq\selenium\selenium-api\4.25.0\selenium-api-4.25.0.jar;C:\Users\Jochi\.m2\repository\org\seleniumhq\selenium\selenium-chromium-driver\4.25.0\selenium-chromium-driver-4.25.0.jar;C:\Users\Jochi\.m2\repository\org\seleniumhq\selenium\selenium-java\4.25.0\selenium-java-4.25.0.jar;C:\Users\Jochi\.m2\repository\org\seleniumhq\selenium\selenium-chrome-driver\4.25.0\selenium-chrome-driver-4.25.0.jar;C:\Users\Jochi\.m2\repository\org\seleniumhq\selenium\selenium-http\4.25.0\selenium-http-4.25.0.jar;C:\Users\Jochi\.m2\repository\org\seleniumhq\selenium\grid\4.0.0-alpha-2\grid-4.0.0-alpha-2-sources.jar;C:\Users\Jochi\.m2\repository\org\seleniumhq\selenium\grid\4.0.0-alpha-2\grid-4.0.0-alpha-2.jar;C:\Users\Jochi\.m2\repository\org\seleniumhq\selenium\jetty-repacked\9.4.12.v20180830.1\jetty-repacked-9.4.12.v20180830.1-sources.jar;C:\Users\Jochi\.m2\repository\org\seleniumhq\selenium\jetty-repacked\9.4.12.v20180830.1\jetty-repacked-9.4.12.v20180830.1.jar;C:\Users\Jochi\.m2\repository\org\seleniumhq\selenium\selenium-api\4.25.0\selenium-api-4.25.0-sources.jar;C:\Users\Jochi\.m2\repository\org\seleniumhq\selenium\selenium-chrome-driver\4.0.0-alpha-2\selenium-chrome-driver-4.0.0-alpha-2.jar;C:\Users\Jochi\.m2\repository\org\seleniumhq\selenium\selenium-chrome-driver\4.25.0\selenium-chrome-driver-4.25.0-sources.jar;C:\Users\Jochi\.m2\repository\org\seleniumhq\selenium\selenium-chromium-driver\4.25.0\selenium-chromium-driver-4.25.0-sources.jar;C:\Users\Jochi\.m2\repository\org\seleniumhq\selenium\selenium-devtools-v127\4.25.0\selenium-devtools-v127-4.25.0-sources.jar;C:\Users\Jochi\.m2\repository\org\seleniumhq\selenium\selenium-devtools-v127\4.25.0\selenium-devtools-v127-4.25.0.jar;C:\Users\Jochi\.m2\repository\org\seleniumhq\selenium\selenium-devtools-v128\4.25.0\selenium-devtools-v128-4.25.0-sources.jar;C:\Users\Jochi\.m2\repository\org\seleniumhq\selenium\selenium-devtools-v128\4.25.0\selenium-devtools-v128-4.25.0.jar;C:\Users\Jochi\.m2\repository\org\seleniumhq\selenium\selenium-devtools-v129\4.25.0\selenium-devtools-v129-4.25.0-sources.jar;C:\Users\Jochi\.m2\repository\org\seleniumhq\selenium\selenium-devtools-v129\4.25.0\selenium-devtools-v129-4.25.0.jar;C:\Users\Jochi\.m2\repository\org\seleniumhq\selenium\selenium-devtools-v85\4.25.0\selenium-devtools-v85-4.25.0-sources.jar;C:\Users\Jochi\.m2\repository\org\seleniumhq\selenium\selenium-devtools-v85\4.25.0\selenium-devtools-v85-4.25.0.jar;C:\Users\Jochi\.m2\repository\org\seleniumhq\selenium\selenium-edge-driver\4.0.0-alpha-2\selenium-edge-driver-4.0.0-alpha-2.jar;C:\Users\Jochi\.m2\repository\org\seleniumhq\selenium\selenium-edge-driver\4.25.0\selenium-edge-driver-4.25.0-sources.jar;C:\Users\Jochi\.m2\repository\org\seleniumhq\selenium\selenium-edge-driver\4.25.0\selenium-edge-driver-4.25.0.jar;C:\Users\Jochi\.m2\repository\org\seleniumhq\selenium\selenium-edgehtml-driver\4.0.0-alpha-2\selenium-edgehtml-driver-4.0.0-alpha-2-sources.jar;C:\Users\Jochi\.m2\repository\org\seleniumhq\selenium\selenium-edgehtml-driver\4.0.0-alpha-2\selenium-edgehtml-driver-4.0.0-alpha-2.jar;C:\Users\Jochi\.m2\repository\org\seleniumhq\selenium\selenium-firefox-driver\4.0.0-alpha-2\selenium-firefox-driver-4.0.0-alpha-2.jar;C:\Users\Jochi\.m2\repository\org\seleniumhq\selenium\selenium-firefox-driver\4.25.0\selenium-firefox-driver-4.25.0-sources.jar;C:\Users\Jochi\.m2\repository\org\seleniumhq\selenium\selenium-firefox-driver\4.25.0\selenium-firefox-driver-4.25.0.jar;C:\Users\Jochi\.m2\repository\org\seleniumhq\selenium\selenium-http\4.25.0\selenium-http-4.25.0-sources.jar;C:\Users\Jochi\.m2\repository\org\seleniumhq\selenium\selenium-ie-driver\4.0.0-alpha-2\selenium-ie-driver-4.0.0-alpha-2.jar;C:\Users\Jochi\.m2\repository\org\seleniumhq\selenium\selenium-ie-driver\4.25.0\selenium-ie-driver-4.25.0-sources.jar;C:\Users\Jochi\.m2\repository\org\seleniumhq\selenium\selenium-ie-driver\4.25.0\selenium-ie-driver-4.25.0.jar;C:\Users\Jochi\.m2\repository\org\seleniumhq\selenium\selenium-java\4.0.0-alpha-2\selenium-java-4.0.0-alpha-2.jar;C:\Users\Jochi\.m2\repository\org\seleniumhq\selenium\selenium-java\4.25.0\selenium-java-4.25.0-sources.jar;C:\Users\Jochi\.m2\repository\org\seleniumhq\selenium\selenium-json\4.25.0\selenium-json-4.25.0-sources.jar;C:\Users\Jochi\.m2\repository\org\seleniumhq\selenium\selenium-json\4.25.0\selenium-json-4.25.0.jar;C:\Users\Jochi\.m2\repository\org\seleniumhq\selenium\selenium-manager\4.25.0\selenium-manager-4.25.0-sources.jar;C:\Users\Jochi\.m2\repository\org\seleniumhq\selenium\selenium-manager\4.25.0\selenium-manager-4.25.0.jar;C:\Users\Jochi\.m2\repository\org\seleniumhq\selenium\selenium-os\4.25.0\selenium-os-4.25.0-sources.jar;C:\Users\Jochi\.m2\repository\org\seleniumhq\selenium\selenium-os\4.25.0\selenium-os-4.25.0.jar;C:\Users\Jochi\.m2\repository\org\seleniumhq\selenium\selenium-remote-driver\4.25.0\selenium-remote-driver-4.25.0-sources.jar;C:\Users\Jochi\.m2\repository\org\seleniumhq\selenium\selenium-remote-driver\4.25.0\selenium-remote-driver-4.25.0.jar;C:\Users\Jochi\.m2\repository\org\seleniumhq\selenium\selenium-safari-driver\4.0.0-alpha-2\selenium-safari-driver-4.0.0-alpha-2.jar;C:\Users\Jochi\.m2\repository\org\seleniumhq\selenium\selenium-safari-driver\4.25.0\selenium-safari-driver-4.25.0-sources.jar;C:\Users\Jochi\.m2\repository\org\seleniumhq\selenium\selenium-safari-driver\4.25.0\selenium-safari-driver-4.25.0.jar;C:\Users\Jochi\.m2\repository\org\seleniumhq\selenium\selenium-server\4.0.0-alpha-2\selenium-server-4.0.0-alpha-2-sources.jar;C:\Users\Jochi\.m2\repository\org\seleniumhq\selenium\selenium-server\4.0.0-alpha-2\selenium-server-4.0.0-alpha-2.jar;C:\Users\Jochi\.m2\repository\org\seleniumhq\selenium\selenium-support\4.0.0-alpha-2\selenium-support-4.0.0-alpha-2.jar;C:\Users\Jochi\.m2\repository\org\seleniumhq\selenium\selenium-support\4.25.0\selenium-support-4.25.0-sources.jar;C:\Users\Jochi\.m2\repository\org\seleniumhq\selenium\selenium-support\4.25.0\selenium-support-4.25.0.jar;C:\Users\Jochi\.m2\repository\dev\failsafe\failsafe\3.3.2\failsafe-3.3.2.jar;C:\Users\Jochi\.m2\repository\org\fitnesse\fitnesse\20240707\fitnesse-20240707.jar fitnesse.slim.SlimService 1</command>
    <exitCode>0</exitCode>
    <stdOut></stdOut>
    <stdErr>Slim  Map converter not loaded: could not find class org/htmlparser/NodeFilter
</stdErr>
  </executionLog>
  <finalCounts>
    <right>0</right>
    <wrong>0</wrong>
    <ignores>0</ignores>
    <exceptions>1</exceptions>
  </finalCounts>
  <totalRunTimeInMillis>4905</totalRunTimeInMillis>
</testResults>

