<?xml version="1.0"?>
<testResults>
  <FitNesseVersion>v20240707</FitNesseVersion>
  <rootPath>LoginTest.UserAuthentication.Registration</rootPath>
  <result>
    <counts>
      <right>0</right>
      <wrong>0</wrong>
      <ignores>0</ignores>
      <exceptions>1</exceptions>
    </counts>
    <date>2024-10-11T09:20:20-05:00</date>
    <runTimeInMillis>8645</runTimeInMillis>
    <content>&lt;br/&gt;&amp;lt;test page&amp;gt;&lt;br/&gt;&lt;h5 id="0"&gt;Import Pacakges:&lt;/h5&gt;
&lt;table&gt;
	&lt;tr class="slimRowTitle"&gt;
		&lt;td&gt;Import&lt;/td&gt;
	&lt;/tr&gt;
	&lt;tr class="slimRowColor0"&gt;
		&lt;td&gt;&lt;span class="pass"&gt;FitnesseTutorial.Fitnesse&lt;/span&gt;&lt;/td&gt;
	&lt;/tr&gt;
&lt;/table&gt;
&lt;br/&gt;&lt;div class="collapsible closed"&gt;&lt;ul&gt;&lt;li&gt;&lt;a href='#' class='expandall'&gt;Expand&lt;/a&gt;&lt;/li&gt;&lt;li&gt;&lt;a href='#' class='collapseall'&gt;Collapse&lt;/a&gt;&lt;/li&gt;&lt;/ul&gt;
	&lt;p class="title"&gt;Register to the website&lt;/p&gt;
	&lt;div&gt;There is a bug registration doesn't work&lt;br/&gt;&lt;/div&gt;
&lt;/div&gt;
&lt;table&gt;
	&lt;tr class="slimRowTitle"&gt;
		&lt;td colspan="4"&gt;&lt;span class="pass"&gt;LoginFixture&lt;/span&gt;&lt;/td&gt;
	&lt;/tr&gt;
	&lt;tr class="slimRowTitle"&gt;
		&lt;td&gt;Email&lt;/td&gt;
		&lt;td&gt;Password&lt;/td&gt;
		&lt;td&gt;Remember Me&lt;/td&gt;
		&lt;td&gt;Register&lt;/td&gt;
	&lt;/tr&gt;
	&lt;tr class="slimRowColor1"&gt;
		&lt;td&gt;delimajm@hotmail.com&lt;/td&gt;
		&lt;td&gt;GreenLantern22!&lt;/td&gt;
		&lt;td&gt;TRUE&lt;/td&gt;
		&lt;td&gt;&lt;table&gt;&lt;tr class="exception closed"&gt;&lt;td&gt; &lt;span class="error"&gt;Get a verification email&lt;/span&gt;&lt;/td&gt;&lt;/tr&gt;&lt;tr class="exception-detail closed-detail"&gt;&lt;td&gt;__EXCEPTION__:org.openqa.selenium.NoSuchElementException: Registration failed org.openqa.selenium.NoSuchElementException: no such element: Unable to locate element: {"method":"xpath","selector":"//*[text()='Get a verification email']"}
  (Session info: chrome=129.0.6668.90)
For documentation on this error, please visit: https://www.selenium.dev/documentation/webdriver/troubleshooting/errors#no-such-element-exception
Build info: version: '4.25.0', revision: '8a8aea2337'
System info: os.name: 'Windows 11', os.arch: 'amd64', os.version: '10.0', java.version: '11.0.22'
Driver info: org.openqa.selenium.chrome.ChromeDriver
Command: [d60c192d1c461ee23a620fc52bbe81fa, findElement {value=//*[text()='Get a verification email'], using=xpath}]
Capabilities {acceptInsecureCerts: false, browserName: chrome, browserVersion: 129.0.6668.90, chrome: {chromedriverVersion: 129.0.6668.100 (cf58cba358d..., userDataDir: C:\Users\Jochi\AppData\Loca...}, fedcm:accounts: true, goog:chromeOptions: {debuggerAddress: localhost:62935}, networkConnectionEnabled: false, pageLoadStrategy: normal, platformName: windows, proxy: Proxy(), se:cdp: ws://localhost:62935/devtoo..., se:cdpVersion: 129.0.6668.90, setWindowRect: true, strictFileInteractability: false, timeouts: {implicit: 0, pageLoad: 300000, script: 30000}, unhandledPromptBehavior: dismiss and notify, webauthn:extension:credBlob: true, webauthn:extension:largeBlob: true, webauthn:extension:minPinLength: true, webauthn:extension:prf: true, webauthn:virtualAuthenticators: true}
Session ID: d60c192d1c461ee23a620fc52bbe81fa
For documentation on this error, please visit: https://www.selenium.dev/documentation/webdriver/troubleshooting/errors#no-such-element-exception
Build info: version: '4.25.0', revision: '8a8aea2337'
System info: os.name: 'Windows 11', os.arch: 'amd64', os.version: '10.0', java.version: '11.0.22'
Driver info: driver.version: unknown
	at FitnesseTutorial.Fitnesse.LoginFixture.setRegister(LoginFixture.java:69) [file:/C:/Users/Jochi/source/FitNesseTutorial/target/classes/]
	at java.base/jdk.internal.reflect.NativeMethodAccessorImpl.invoke0(Native Method) [n/a]
	at java.base/jdk.internal.reflect.NativeMethodAccessorImpl.invoke(NativeMethodAccessorImpl.java:62) [n/a]
	at java.base/jdk.internal.reflect.DelegatingMethodAccessorImpl.invoke(DelegatingMethodAccessorImpl.java:43) [n/a]
	at java.base/java.lang.reflect.Method.invoke(Method.java:566) [rt.jar]
	at fitnesse.slim.fixtureInteraction.SimpleInteraction.methodInvoke(SimpleInteraction.java:322) [fitnesse-20240707.jar:20240707]
	at fitnesse.slim.fixtureInteraction.SimpleInteraction.callMethod(SimpleInteraction.java:307) [fitnesse-20240707.jar:20240707]
	at fitnesse.slim.fixtureInteraction.SimpleInteraction.invokeMethod(SimpleInteraction.java:290) [fitnesse-20240707.jar:20240707]
	at fitnesse.slim.fixtureInteraction.SimpleInteraction.findAndInvoke(SimpleInteraction.java:217) [fitnesse-20240707.jar:20240707]
	at fitnesse.slim.MethodExecutor.findAndInvoke(MethodExecutor.java:18) [fitnesse-20240707.jar:20240707]
	at fitnesse.slim.FixtureMethodExecutor.execute(FixtureMethodExecutor.java:18) [fitnesse-20240707.jar:20240707]
	at fitnesse.slim.StatementExecutor.getMethodExecutionResult(StatementExecutor.java:139) [fitnesse-20240707.jar:20240707]
	at fitnesse.slim.StatementExecutor.call(StatementExecutor.java:112) [fitnesse-20240707.jar:20240707]
	at fitnesse.slim.instructions.CallAndOptionalAssignInstruction.executeInternal(CallAndOptionalAssignInstruction.java:30) [fitnesse-20240707.jar:20240707]
	at fitnesse.slim.instructions.Instruction.execute(Instruction.java:29) [fitnesse-20240707.jar:20240707]
	at fitnesse.slim.ListExecutor$Executive.executeStatement(ListExecutor.java:49) [fitnesse-20240707.jar:20240707]
	at fitnesse.slim.ListExecutor$Executive.executeStatements(ListExecutor.java:43) [fitnesse-20240707.jar:20240707]
	at fitnesse.slim.ListExecutor.execute(ListExecutor.java:85) [fitnesse-20240707.jar:20240707]
	at fitnesse.slim.SlimServer.executeInstructions(SlimServer.java:84) [fitnesse-20240707.jar:20240707]
	at fitnesse.slim.SlimServer.processOneSetOfInstructions(SlimServer.java:77) [fitnesse-20240707.jar:20240707]
	at fitnesse.slim.SlimServer.tryProcessInstructions(SlimServer.java:64) [fitnesse-20240707.jar:20240707]
	at fitnesse.slim.SlimServer.serve(SlimServer.java:49) [fitnesse-20240707.jar:20240707]
	at fitnesse.slim.SlimService.handle(SlimService.java:169) [fitnesse-20240707.jar:20240707]
	at fitnesse.slim.SlimService.acceptOne(SlimService.java:177) [fitnesse-20240707.jar:20240707]
	at fitnesse.slim.SlimService.accept(SlimService.java:139) [fitnesse-20240707.jar:20240707]
	at fitnesse.slim.SlimService.startWithFactory(SlimService.java:92) [fitnesse-20240707.jar:20240707]
	at fitnesse.slim.SlimService.main(SlimService.java:57) [fitnesse-20240707.jar:20240707]&lt;/td&lt;/tr&gt;&lt;/table&gt;&lt;/td&gt;
	&lt;/tr&gt;
&lt;/table&gt;
</content>
    <relativePageName>Registration</relativePageName>
    <instructions>
      <instructionResult>
        <instruction>{id='import_0_0', instruction='import', path='FitnesseTutorial.Fitnesse'}</instruction>
        <slimResult>pass(FitnesseTutorial.Fitnesse)</slimResult>
        <expectation>
          <status>pass</status>
          <instructionId>import_0_0</instructionId>
          <col>0</col>
          <row>1</row>
          <type>ImportExpectation</type>
          <evaluationMessage>FitnesseTutorial.Fitnesse</evaluationMessage>
        </expectation>
      </instructionResult>
      <instructionResult>
        <instruction>{id='decisionTable_1_0', instruction='make', instanceName='decisionTable_1', className='LoginFixture', args=[]}</instruction>
        <slimResult>pass(LoginFixture)</slimResult>
        <expectation>
          <status>pass</status>
          <instructionId>decisionTable_1_0</instructionId>
          <col>0</col>
          <row>0</row>
          <type>ConstructionExpectation</type>
          <evaluationMessage>LoginFixture</evaluationMessage>
        </expectation>
      </instructionResult>
      <instructionResult>
        <instruction>{id='decisionTable_1_4', instruction='call', instanceName='decisionTable_1', methodName='setEmail', args=[delimajm@hotmail.com]}</instruction>
        <slimResult></slimResult>
        <expectation>
          <instructionId>decisionTable_1_4</instructionId>
          <col>0</col>
          <row>2</row>
          <type>VoidReturnExpectation</type>
        </expectation>
      </instructionResult>
      <instructionResult>
        <instruction>{id='decisionTable_1_5', instruction='call', instanceName='decisionTable_1', methodName='setPassword', args=[GreenLantern22!]}</instruction>
        <slimResult></slimResult>
        <expectation>
          <instructionId>decisionTable_1_5</instructionId>
          <col>1</col>
          <row>2</row>
          <type>VoidReturnExpectation</type>
        </expectation>
      </instructionResult>
      <instructionResult>
        <instruction>{id='decisionTable_1_6', instruction='call', instanceName='decisionTable_1', methodName='setRememberMe', args=[TRUE]}</instruction>
        <slimResult></slimResult>
        <expectation>
          <instructionId>decisionTable_1_6</instructionId>
          <col>2</col>
          <row>2</row>
          <type>VoidReturnExpectation</type>
        </expectation>
      </instructionResult>
      <instructionResult>
        <instruction>{id='decisionTable_1_7', instruction='call', instanceName='decisionTable_1', methodName='setRegister', args=[Get a verification email]}</instruction>
        <slimResult></slimResult>
        <expectation>
          <status>error</status>
          <instructionId>decisionTable_1_7</instructionId>
          <type>VoidReturnExpectation</type>
        </expectation>
      </instructionResult>
    </instructions>
  </result>
  <finalCounts>
    <right>0</right>
    <wrong>0</wrong>
    <ignores>0</ignores>
    <exceptions>1</exceptions>
  </finalCounts>
  <totalRunTimeInMillis>8645</totalRunTimeInMillis>
</testResults>

